# JRE version: OpenJDK Runtime Environment (17.0.9) (build 17.0.9+0--11185874)
# Java VM: OpenJDK 64-Bit Server VM (17.0.9+0--11185874, mixed mode, tiered, compressed oops, compressed class ptrs, g1 gc, windows-amd64)
GC Precious Log:
 CPUs: 4 total, 4 available
 Memory: 7610M
 Large Page Support: Disabled
 NUMA Support: Disabled
 Compressed Oops: Enabled (32-bit)
 Heap Region Size: 1M
 Heap Min Capacity: 8M
 Heap Initial Capacity: 120M
 Heap Max Capacity: 2G
 Pre-touch: Disabled
 Parallel Workers: 4
 Concurrent Workers: 1
 Concurrent Refinement Workers: 4
 Periodic GC: Disabled
Heap:
 garbage-first heap   total 252928K, used 202036K [0x0000000080000000, 0x0000000100000000)
  region size 1024K, 28 young (28672K), 5 survivors (5120K)
 Metaspace       used 103056K, committed 103872K, reserved 1179648K
  class space    used 14024K, committed 14400K, reserved 1048576K
GC Heap History (20 events):
Event: 99.215 GC heap before
{Heap before GC invocations=63 (full 0):
 garbage-first heap   total 194560K, used 128408K [0x0000000080000000, 0x0000000100000000)
  region size 1024K, 9 young (9216K), 7 survivors (7168K)
 Metaspace       used 101469K, committed 102272K, reserved 1179648K
  class space    used 13802K, committed 14208K, reserved 1048576K
}
Event: 99.229 GC heap after
{Heap after GC invocations=64 (full 0):
 garbage-first heap   total 194560K, used 126568K [0x0000000080000000, 0x0000000100000000)
  region size 1024K, 1 young (1024K), 1 survivors (1024K)
 Metaspace       used 101469K, committed 102272K, reserved 1179648K
  class space    used 13802K, committed 14208K, reserved 1048576K
}
Event: 100.836 GC heap before
{Heap before GC invocations=64 (full 0):
 garbage-first heap   total 194560K, used 166504K [0x0000000080000000, 0x0000000100000000)
  region size 1024K, 36 young (36864K), 1 survivors (1024K)
 Metaspace       used 102793K, committed 103552K, reserved 1179648K
  class space    used 13984K, committed 14336K, reserved 1048576K
}
Event: 100.847 GC heap after
{Heap after GC invocations=65 (full 0):
 garbage-first heap   total 194560K, used 133282K [0x0000000080000000, 0x0000000100000000)
  region size 1024K, 4 young (4096K), 4 survivors (4096K)
 Metaspace       used 102793K, committed 103552K, reserved 1179648K
  class space    used 13984K, committed 14336K, reserved 1048576K
}
Event: 101.273 GC heap before
{Heap before GC invocations=66 (full 0):
 garbage-first heap   total 252928K, used 164002K [0x0000000080000000, 0x0000000100000000)
  region size 1024K, 34 young (34816K), 4 survivors (4096K)
 Metaspace       used 102794K, committed 103552K, reserved 1179648K
  class space    used 13985K, committed 14336K, reserved 1048576K
}
Event: 101.298 GC heap after
{Heap after GC invocations=67 (full 0):
 garbage-first heap   total 252928K, used 142445K [0x0000000080000000, 0x0000000100000000)
  region size 1024K, 5 young (5120K), 5 survivors (5120K)
 Metaspace       used 102794K, committed 103552K, reserved 1179648K
  class space    used 13985K, committed 14336K, reserved 1048576K
}
Event: 101.338 GC heap before
{Heap before GC invocations=67 (full 0):
 garbage-first heap   total 252928K, used 149613K [0x0000000080000000, 0x0000000100000000)
  region size 1024K, 12 young (12288K), 5 survivors (5120K)
 Metaspace       used 102794K, committed 103552K, reserved 1179648K
  class space    used 13985K, committed 14336K, reserved 1048576K
}
Event: 101.353 GC heap after
{Heap after GC invocations=68 (full 0):
 garbage-first heap   total 252928K, used 146005K [0x0000000080000000, 0x0000000100000000)
  region size 1024K, 2 young (2048K), 2 survivors (2048K)
 Metaspace       used 102794K, committed 103552K, reserved 1179648K
  class space    used 13985K, committed 14336K, reserved 1048576K
}
Event: 106.309 GC heap before
{Heap before GC invocations=68 (full 0):
 garbage-first heap   total 252928K, used 196181K [0x0000000080000000, 0x0000000100000000)
  region size 1024K, 52 young (53248K), 2 survivors (2048K)
 Metaspace       used 102814K, committed 103552K, reserved 1179648K
  class space    used 13985K, committed 14336K, reserved 1048576K
}
Event: 106.324 GC heap after
{Heap after GC invocations=69 (full 0):
 garbage-first heap   total 252928K, used 152127K [0x0000000080000000, 0x0000000100000000)
  region size 1024K, 7 young (7168K), 7 survivors (7168K)
 Metaspace       used 102814K, committed 103552K, reserved 1179648K
  class space    used 13985K, committed 14336K, reserved 1048576K
}
Event: 108.588 GC heap before
{Heap before GC invocations=69 (full 0):
 garbage-first heap   total 252928K, used 200255K [0x0000000080000000, 0x0000000100000000)
  region size 1024K, 54 young (55296K), 7 survivors (7168K)
 Metaspace       used 102818K, committed 103616K, reserved 1179648K
  class space    used 13986K, committed 14336K, reserved 1048576K
}
Event: 108.602 GC heap after
{Heap after GC invocations=70 (full 0):
 garbage-first heap   total 252928K, used 155084K [0x0000000080000000, 0x0000000100000000)
  region size 1024K, 3 young (3072K), 3 survivors (3072K)
 Metaspace       used 102818K, committed 103616K, reserved 1179648K
  class space    used 13986K, committed 14336K, reserved 1048576K
}
Event: 112.659 GC heap before
{Heap before GC invocations=70 (full 0):
 garbage-first heap   total 252928K, used 203212K [0x0000000080000000, 0x0000000100000000)
  region size 1024K, 50 young (51200K), 3 survivors (3072K)
 Metaspace       used 102819K, committed 103616K, reserved 1179648K
  class space    used 13986K, committed 14336K, reserved 1048576K
}
Event: 112.670 GC heap after
{Heap after GC invocations=71 (full 0):
 garbage-first heap   total 252928K, used 156724K [0x0000000080000000, 0x0000000100000000)
  region size 1024K, 5 young (5120K), 5 survivors (5120K)
 Metaspace       used 102819K, committed 103616K, reserved 1179648K
  class space    used 13986K, committed 14336K, reserved 1048576K
}
Event: 119.288 GC heap before
{Heap before GC invocations=71 (full 0):
 garbage-first heap   total 252928K, used 204852K [0x0000000080000000, 0x0000000100000000)
  region size 1024K, 53 young (54272K), 5 survivors (5120K)
 Metaspace       used 102819K, committed 103616K, reserved 1179648K
  class space    used 13986K, committed 14336K, reserved 1048576K
}
Event: 119.304 GC heap after
{Heap after GC invocations=72 (full 0):
 garbage-first heap   total 252928K, used 159198K [0x0000000080000000, 0x0000000100000000)
  region size 1024K, 5 young (5120K), 5 survivors (5120K)
 Metaspace       used 102819K, committed 103616K, reserved 1179648K
  class space    used 13986K, committed 14336K, reserved 1048576K
}
Event: 121.501 GC heap before
{Heap before GC invocations=72 (full 0):
 garbage-first heap   total 252928K, used 209374K [0x0000000080000000, 0x0000000100000000)
  region size 1024K, 54 young (55296K), 5 survivors (5120K)
 Metaspace       used 102819K, committed 103616K, reserved 1179648K
  class space    used 13986K, committed 14336K, reserved 1048576K
}
Event: 121.514 GC heap after
{Heap after GC invocations=73 (full 0):
 garbage-first heap   total 252928K, used 161633K [0x0000000080000000, 0x0000000100000000)
  region size 1024K, 5 young (5120K), 5 survivors (5120K)
 Metaspace       used 102819K, committed 103616K, reserved 1179648K
  class space    used 13986K, committed 14336K, reserved 1048576K
}
Event: 123.718 GC heap before
{Heap before GC invocations=73 (full 0):
 garbage-first heap   total 252928K, used 222049K [0x0000000080000000, 0x0000000100000000)
  region size 1024K, 53 young (54272K), 5 survivors (5120K)
 Metaspace       used 102853K, committed 103616K, reserved 1179648K
  class space    used 13996K, committed 14336K, reserved 1048576K
}
Event: 123.731 GC heap after
{Heap after GC invocations=74 (full 0):
 garbage-first heap   total 252928K, used 176436K [0x0000000080000000, 0x0000000100000000)
  region size 1024K, 5 young (5120K), 5 survivors (5120K)
 Metaspace       used 102853K, committed 103616K, reserved 1179648K
  class space    used 13996K, committed 14336K, reserved 1048576K
}

