# JRE version: OpenJDK Runtime Environment (17.0.9) (build 17.0.9+0--11185874)
# Java VM: OpenJDK 64-Bit Server VM (17.0.9+0--11185874, mixed mode, tiered, compressed oops, compressed class ptrs, g1 gc, windows-amd64)
GC Precious Log:
 CPUs: 4 total, 4 available
 Memory: 7610M
 Large Page Support: Disabled
 NUMA Support: Disabled
 Compressed Oops: Enabled (32-bit)
 Heap Region Size: 1M
 Heap Min Capacity: 8M
 Heap Initial Capacity: 120M
 Heap Max Capacity: 2G
 Pre-touch: Disabled
 Parallel Workers: 4
 Concurrent Workers: 1
 Concurrent Refinement Workers: 4
 Periodic GC: Disabled
Heap:
 garbage-first heap   total 429056K, used 306176K [0x0000000080000000, 0x0000000100000000)
  region size 1024K, 12 young (12288K), 7 survivors (7168K)
 Metaspace       used 214793K, committed 216128K, reserved 1245184K
  class space    used 27249K, committed 27904K, reserved 1048576K
GC Heap History (20 events):
Event: 130.231 GC heap before
{Heap before GC invocations=89 (full 0):
 garbage-first heap   total 429056K, used 326847K [0x0000000080000000, 0x0000000100000000)
  region size 1024K, 97 young (99328K), 3 survivors (3072K)
 Metaspace       used 184930K, committed 185920K, reserved 1245184K
  class space    used 23842K, committed 24320K, reserved 1048576K
}
Event: 130.248 GC heap after
{Heap after GC invocations=90 (full 0):
 garbage-first heap   total 429056K, used 234059K [0x0000000080000000, 0x0000000100000000)
  region size 1024K, 6 young (6144K), 6 survivors (6144K)
 Metaspace       used 184930K, committed 185920K, reserved 1245184K
  class space    used 23842K, committed 24320K, reserved 1048576K
}
Event: 133.902 GC heap before
{Heap before GC invocations=90 (full 0):
 garbage-first heap   total 429056K, used 336459K [0x0000000080000000, 0x0000000100000000)
  region size 1024K, 105 young (107520K), 6 survivors (6144K)
 Metaspace       used 187028K, committed 187968K, reserved 1245184K
  class space    used 24151K, committed 24576K, reserved 1048576K
}
Event: 133.924 GC heap after
{Heap after GC invocations=91 (full 0):
 garbage-first heap   total 429056K, used 240306K [0x0000000080000000, 0x0000000100000000)
  region size 1024K, 10 young (10240K), 10 survivors (10240K)
 Metaspace       used 187028K, committed 187968K, reserved 1245184K
  class space    used 24151K, committed 24576K, reserved 1048576K
}
Event: 135.341 GC heap before
{Heap before GC invocations=91 (full 0):
 garbage-first heap   total 429056K, used 342706K [0x0000000080000000, 0x0000000100000000)
  region size 1024K, 110 young (112640K), 10 survivors (10240K)
 Metaspace       used 187031K, committed 187968K, reserved 1245184K
  class space    used 24151K, committed 24576K, reserved 1048576K
}
Event: 135.360 GC heap after
{Heap after GC invocations=92 (full 0):
 garbage-first heap   total 429056K, used 240883K [0x0000000080000000, 0x0000000100000000)
  region size 1024K, 5 young (5120K), 5 survivors (5120K)
 Metaspace       used 187031K, committed 187968K, reserved 1245184K
  class space    used 24151K, committed 24576K, reserved 1048576K
}
Event: 139.162 GC heap before
{Heap before GC invocations=92 (full 0):
 garbage-first heap   total 429056K, used 349427K [0x0000000080000000, 0x0000000100000000)
  region size 1024K, 111 young (113664K), 5 survivors (5120K)
 Metaspace       used 192122K, committed 193152K, reserved 1245184K
  class space    used 24743K, committed 25216K, reserved 1048576K
}
Event: 139.175 GC heap after
{Heap after GC invocations=93 (full 0):
 garbage-first heap   total 429056K, used 237811K [0x0000000080000000, 0x0000000100000000)
  region size 1024K, 4 young (4096K), 4 survivors (4096K)
 Metaspace       used 192122K, committed 193152K, reserved 1245184K
  class space    used 24743K, committed 25216K, reserved 1048576K
}
Event: 176.281 GC heap before
{Heap before GC invocations=93 (full 0):
 garbage-first heap   total 429056K, used 352499K [0x0000000080000000, 0x0000000100000000)
  region size 1024K, 117 young (119808K), 4 survivors (4096K)
 Metaspace       used 197259K, committed 198272K, reserved 1245184K
  class space    used 25304K, committed 25792K, reserved 1048576K
}
Event: 176.322 GC heap after
{Heap after GC invocations=94 (full 0):
 garbage-first heap   total 429056K, used 244563K [0x0000000080000000, 0x0000000100000000)
  region size 1024K, 11 young (11264K), 11 survivors (11264K)
 Metaspace       used 197259K, committed 198272K, reserved 1245184K
  class space    used 25304K, committed 25792K, reserved 1048576K
}
Event: 198.614 GC heap before
{Heap before GC invocations=94 (full 0):
 garbage-first heap   total 429056K, used 356179K [0x0000000080000000, 0x0000000100000000)
  region size 1024K, 120 young (122880K), 11 survivors (11264K)
 Metaspace       used 201933K, committed 203008K, reserved 1245184K
  class space    used 25865K, committed 26368K, reserved 1048576K
}
Event: 198.664 GC heap after
{Heap after GC invocations=95 (full 0):
 garbage-first heap   total 429056K, used 252783K [0x0000000080000000, 0x0000000100000000)
  region size 1024K, 15 young (15360K), 15 survivors (15360K)
 Metaspace       used 201933K, committed 203008K, reserved 1245184K
  class space    used 25865K, committed 26368K, reserved 1048576K
}
Event: 554.483 GC heap before
{Heap before GC invocations=95 (full 0):
 garbage-first heap   total 429056K, used 357231K [0x0000000080000000, 0x0000000100000000)
  region size 1024K, 118 young (120832K), 15 survivors (15360K)
 Metaspace       used 208828K, committed 210048K, reserved 1245184K
  class space    used 26574K, committed 27200K, reserved 1048576K
}
Event: 554.592 GC heap after
{Heap after GC invocations=96 (full 0):
 garbage-first heap   total 429056K, used 258819K [0x0000000080000000, 0x0000000100000000)
  region size 1024K, 7 young (7168K), 7 survivors (7168K)
 Metaspace       used 208828K, committed 210048K, reserved 1245184K
  class space    used 26574K, committed 27200K, reserved 1048576K
}
Event: 564.608 GC heap before
{Heap before GC invocations=96 (full 0):
 garbage-first heap   total 429056K, used 359171K [0x0000000080000000, 0x0000000100000000)
  region size 1024K, 106 young (108544K), 7 survivors (7168K)
 Metaspace       used 212218K, committed 213504K, reserved 1245184K
  class space    used 27037K, committed 27712K, reserved 1048576K
}
Event: 564.644 GC heap after
{Heap after GC invocations=97 (full 0):
 garbage-first heap   total 429056K, used 267264K [0x0000000080000000, 0x0000000100000000)
  region size 1024K, 14 young (14336K), 14 survivors (14336K)
 Metaspace       used 212218K, committed 213504K, reserved 1245184K
  class space    used 27037K, committed 27712K, reserved 1048576K
}
Event: 573.283 GC heap before
{Heap before GC invocations=97 (full 0):
 garbage-first heap   total 429056K, used 378880K [0x0000000080000000, 0x0000000100000000)
  region size 1024K, 107 young (109568K), 14 survivors (14336K)
 Metaspace       used 213704K, committed 214976K, reserved 1245184K
  class space    used 27163K, committed 27840K, reserved 1048576K
}
Event: 573.393 GC heap after
{Heap after GC invocations=98 (full 0):
 garbage-first heap   total 429056K, used 297252K [0x0000000080000000, 0x0000000100000000)
  region size 1024K, 14 young (14336K), 14 survivors (14336K)
 Metaspace       used 213704K, committed 214976K, reserved 1245184K
  class space    used 27163K, committed 27840K, reserved 1048576K
}
Event: 576.756 GC heap before
{Heap before GC invocations=98 (full 0):
 garbage-first heap   total 429056K, used 372004K [0x0000000080000000, 0x0000000100000000)
  region size 1024K, 71 young (72704K), 14 survivors (14336K)
 Metaspace       used 214188K, committed 215552K, reserved 1245184K
  class space    used 27207K, committed 27904K, reserved 1048576K
}
Event: 576.804 GC heap after
{Heap after GC invocations=99 (full 0):
 garbage-first heap   total 429056K, used 305152K [0x0000000080000000, 0x0000000100000000)
  region size 1024K, 7 young (7168K), 7 survivors (7168K)
 Metaspace       used 214188K, committed 215552K, reserved 1245184K
  class space    used 27207K, committed 27904K, reserved 1048576K
}

