# JRE version: OpenJDK Runtime Environment (17.0.9) (build 17.0.9+0--11185874)
# Java VM: OpenJDK 64-Bit Server VM (17.0.9+0--11185874, mixed mode, tiered, compressed oops, compressed class ptrs, g1 gc, windows-amd64)
GC Precious Log:
 CPUs: 4 total, 4 available
 Memory: 7610M
 Large Page Support: Disabled
 NUMA Support: Disabled
 Compressed Oops: Enabled (32-bit)
 Heap Region Size: 1M
 Heap Min Capacity: 8M
 Heap Initial Capacity: 120M
 Heap Max Capacity: 2G
 Pre-touch: Disabled
 Parallel Workers: 4
 Concurrent Workers: 1
 Concurrent Refinement Workers: 4
 Periodic GC: Disabled
Heap:
 garbage-first heap   total 580608K, used 369781K [0x0000000080000000, 0x0000000100000000)
  region size 1024K, 89 young (91136K), 11 survivors (11264K)
 Metaspace       used 286087K, committed 287552K, reserved 1310720K
  class space    used 36353K, committed 37056K, reserved 1048576K
GC Heap History (20 events):
Event: 3117.067 GC heap before
{Heap before GC invocations=151 (full 0):
 garbage-first heap   total 580608K, used 471302K [0x0000000080000000, 0x0000000100000000)
  region size 1024K, 156 young (159744K), 4 survivors (4096K)
 Metaspace       used 246031K, committed 247168K, reserved 1310720K
  class space    used 31256K, committed 31808K, reserved 1048576K
}
Event: 3117.099 GC heap after
{Heap after GC invocations=152 (full 0):
 garbage-first heap   total 580608K, used 325600K [0x0000000080000000, 0x0000000100000000)
  region size 1024K, 13 young (13312K), 13 survivors (13312K)
 Metaspace       used 246031K, committed 247168K, reserved 1310720K
  class space    used 31256K, committed 31808K, reserved 1048576K
}
Event: 3118.133 GC heap before
{Heap before GC invocations=152 (full 0):
 garbage-first heap   total 580608K, used 340960K [0x0000000080000000, 0x0000000100000000)
  region size 1024K, 28 young (28672K), 13 survivors (13312K)
 Metaspace       used 246118K, committed 247232K, reserved 1310720K
  class space    used 31271K, committed 31808K, reserved 1048576K
}
Event: 3118.223 GC heap after
{Heap after GC invocations=153 (full 0):
 garbage-first heap   total 580608K, used 278098K [0x0000000080000000, 0x0000000100000000)
  region size 1024K, 3 young (3072K), 3 survivors (3072K)
 Metaspace       used 246118K, committed 247232K, reserved 1310720K
  class space    used 31271K, committed 31808K, reserved 1048576K
}
Event: 3119.591 GC heap before
{Heap before GC invocations=153 (full 0):
 garbage-first heap   total 580608K, used 302674K [0x0000000080000000, 0x0000000100000000)
  region size 1024K, 28 young (28672K), 3 survivors (3072K)
 Metaspace       used 247821K, committed 249024K, reserved 1310720K
  class space    used 31434K, committed 32000K, reserved 1048576K
}
Event: 3119.769 GC heap after
{Heap after GC invocations=154 (full 0):
 garbage-first heap   total 580608K, used 248972K [0x0000000080000000, 0x0000000100000000)
  region size 1024K, 3 young (3072K), 3 survivors (3072K)
 Metaspace       used 247821K, committed 249024K, reserved 1310720K
  class space    used 31434K, committed 32000K, reserved 1048576K
}
Event: 3392.535 GC heap before
{Heap before GC invocations=154 (full 0):
 garbage-first heap   total 580608K, used 509068K [0x0000000080000000, 0x0000000100000000)
  region size 1024K, 243 young (248832K), 3 survivors (3072K)
 Metaspace       used 252478K, committed 253824K, reserved 1310720K
  class space    used 31908K, committed 32576K, reserved 1048576K
}
Event: 3392.638 GC heap after
{Heap after GC invocations=155 (full 0):
 garbage-first heap   total 580608K, used 283441K [0x0000000080000000, 0x0000000100000000)
  region size 1024K, 30 young (30720K), 30 survivors (30720K)
 Metaspace       used 252478K, committed 253824K, reserved 1310720K
  class space    used 31908K, committed 32576K, reserved 1048576K
}
Event: 3399.150 GC heap before
{Heap before GC invocations=155 (full 0):
 garbage-first heap   total 580608K, used 467761K [0x0000000080000000, 0x0000000100000000)
  region size 1024K, 207 young (211968K), 30 survivors (30720K)
 Metaspace       used 259945K, committed 261312K, reserved 1310720K
  class space    used 32729K, committed 33408K, reserved 1048576K
}
Event: 3399.245 GC heap after
{Heap after GC invocations=156 (full 0):
 garbage-first heap   total 580608K, used 292636K [0x0000000080000000, 0x0000000100000000)
  region size 1024K, 9 young (9216K), 9 survivors (9216K)
 Metaspace       used 259945K, committed 261312K, reserved 1310720K
  class space    used 32729K, committed 33408K, reserved 1048576K
}
Event: 3405.443 GC heap before
{Heap before GC invocations=156 (full 0):
 garbage-first heap   total 580608K, used 477980K [0x0000000080000000, 0x0000000100000000)
  region size 1024K, 185 young (189440K), 9 survivors (9216K)
 Metaspace       used 266415K, committed 267776K, reserved 1310720K
  class space    used 33623K, committed 34304K, reserved 1048576K
}
Event: 3405.468 GC heap after
{Heap after GC invocations=157 (full 0):
 garbage-first heap   total 580608K, used 297756K [0x0000000080000000, 0x0000000100000000)
  region size 1024K, 15 young (15360K), 15 survivors (15360K)
 Metaspace       used 266415K, committed 267776K, reserved 1310720K
  class space    used 33623K, committed 34304K, reserved 1048576K
}
Event: 3423.872 GC heap before
{Heap before GC invocations=158 (full 0):
 garbage-first heap   total 580608K, used 480028K [0x0000000080000000, 0x0000000100000000)
  region size 1024K, 192 young (196608K), 15 survivors (15360K)
 Metaspace       used 269202K, committed 270592K, reserved 1310720K
  class space    used 33937K, committed 34624K, reserved 1048576K
}
Event: 3423.906 GC heap after
{Heap after GC invocations=159 (full 0):
 garbage-first heap   total 580608K, used 300032K [0x0000000080000000, 0x0000000100000000)
  region size 1024K, 9 young (9216K), 9 survivors (9216K)
 Metaspace       used 269202K, committed 270592K, reserved 1310720K
  class space    used 33937K, committed 34624K, reserved 1048576K
}
Event: 3424.521 GC heap before
{Heap before GC invocations=159 (full 0):
 garbage-first heap   total 580608K, used 319488K [0x0000000080000000, 0x0000000100000000)
  region size 1024K, 28 young (28672K), 9 survivors (9216K)
 Metaspace       used 270650K, committed 272064K, reserved 1310720K
  class space    used 34185K, committed 34880K, reserved 1048576K
}
Event: 3424.572 GC heap after
{Heap after GC invocations=160 (full 0):
 garbage-first heap   total 580608K, used 286525K [0x0000000080000000, 0x0000000100000000)
  region size 1024K, 2 young (2048K), 2 survivors (2048K)
 Metaspace       used 270650K, committed 272064K, reserved 1310720K
  class space    used 34185K, committed 34880K, reserved 1048576K
}
Event: 3431.492 GC heap before
{Heap before GC invocations=160 (full 0):
 garbage-first heap   total 580608K, used 492349K [0x0000000080000000, 0x0000000100000000)
  region size 1024K, 191 young (195584K), 2 survivors (2048K)
 Metaspace       used 284774K, committed 286208K, reserved 1310720K
  class space    used 36175K, committed 36864K, reserved 1048576K
}
Event: 3431.540 GC heap after
{Heap after GC invocations=161 (full 0):
 garbage-first heap   total 580608K, used 288037K [0x0000000080000000, 0x0000000100000000)
  region size 1024K, 10 young (10240K), 10 survivors (10240K)
 Metaspace       used 284774K, committed 286208K, reserved 1310720K
  class space    used 36175K, committed 36864K, reserved 1048576K
}
Event: 3431.902 GC heap before
{Heap before GC invocations=161 (full 0):
 garbage-first heap   total 580608K, used 297253K [0x0000000080000000, 0x0000000100000000)
  region size 1024K, 21 young (21504K), 10 survivors (10240K)
 Metaspace       used 285723K, committed 287168K, reserved 1310720K
  class space    used 36333K, committed 37056K, reserved 1048576K
}
Event: 3431.920 GC heap after
{Heap after GC invocations=162 (full 0):
 garbage-first heap   total 580608K, used 288885K [0x0000000080000000, 0x0000000100000000)
  region size 1024K, 11 young (11264K), 11 survivors (11264K)
 Metaspace       used 285723K, committed 287168K, reserved 1310720K
  class space    used 36333K, committed 37056K, reserved 1048576K
}

